<?xml version="1.0" encoding="UTF-8"?>
<!-- Generated by org.testng.reporters.JUnitReportReporter -->
<testsuite hostname="DESKTOP-VDH46V1" failures="0" tests="7" name="com.phpuser.scripts.TestclassSupplier" time="64.909" errors="0" timestamp="2023-02-14T19:47:46 IST" skipped="0">
  <testcase classname="com.phpuser.scripts.TestclassSupplier" name="SupplierInvalid" time="29.111"/>
  <system-out/>
  <testcase classname="com.phpuser.scripts.TestclassSupplier" name="SupplierValid" time="7.887"/>
  <system-out/>
  <testcase classname="com.phpuser.scripts.TestclassSupplier" name="Textverification" time="3.371"/>
  <system-out/>
  <testcase classname="com.phpuser.scripts.TestclassSupplier" name="RevenueBreakDown" time="5.310"/>
  <system-out/>
  <testcase classname="com.phpuser.scripts.TestclassSupplier" name="BookingDisplay" time="6.379"/>
  <system-out/>
  <testcase classname="com.phpuser.scripts.TestclassSupplier" name="TestLinkss" time="7.223"/>
  <system-out/>
  <testcase classname="com.phpuser.scripts.TestclassSupplier" name="Logout" time="5.628"/>
  <system-out/>
</testsuite> <!-- com.phpuser.scripts.TestclassSupplier -->
